TN:
SF:/home/chung/Documents/SCS/src/directions.c
FN:3,resetSUCache
FN:8,computeLSBroyden
FNDA:552,resetSUCache
FNDA:5501,computeLSBroyden
FNF:2
FNH:2
DA:3,552
DA:4,552
DA:5,552
DA:8,5501
DA:18,5501
DA:19,5501
DA:20,5501
DA:22,5501
DA:25,5501
DA:30,5501
DA:31,5501
DA:34,30251
DA:35,24750
DA:36,24750
DA:37,24750
DA:38,24750
DA:39,24750
DA:40,24750
DA:44,5501
DA:45,5501
DA:47,5501
DA:48,5001
DA:50,500
DA:52,2500
DA:53,2000
DA:61,5501
DA:62,5501
DA:63,27505
DA:64,22004
DA:67,5501
DA:68,27505
DA:69,22004
DA:73,5501
DA:75,5501
DA:78,5501
DA:79,550
DA:82,4951
LF:37
LH:37
end_of_record
TN:
SF:/home/chung/Documents/SCS/src/unit_test_util.c
FN:11,assertEqualsInt
FN:15,assertEqualsFloat
FN:19,assertEqualsArray
FN:33,test
FNDA:6060,assertEqualsInt
FNDA:38,assertEqualsFloat
FNDA:5,assertEqualsArray
FNDA:6,test
FNF:4
FNH:4
DA:11,6060
DA:12,6060
DA:15,38
DA:16,38
DA:19,5
DA:25,43
DA:26,38
DA:27,0
DA:30,5
DA:33,6
DA:34,6
DA:35,6
DA:36,6
DA:37,6
DA:39,0
DA:41,6
DA:42,6
LF:17
LH:15
end_of_record
TN:
SF:/home/chung/Documents/SCS/src/linAlg.c
FN:5,setAsScaledArray
FN:13,scaleArray
FN:20,innerProd
FN:30,calcNormSq
FN:40,calcNorm
FN:44,calcNormInf
FN:56,addScaledArray
FN:64,calcNormDiff
FN:74,calcNormInfDiff
FN:86,scs_sgn
FN:95,scs_abs
FNDA:5501,setAsScaledArray
FNDA:3,scaleArray
FNDA:66005,innerProd
FNDA:5501,calcNormSq
FNDA:0,calcNorm
FNDA:0,calcNormInf
FNDA:49502,addScaledArray
FNDA:0,calcNormDiff
FNDA:0,calcNormInfDiff
FNDA:500,scs_sgn
FNDA:5501,scs_abs
FNF:11
FNH:7
DA:5,5501
DA:8,27505
DA:9,22004
DA:10,5501
DA:13,3
DA:15,28
DA:16,25
DA:17,3
DA:20,66005
DA:22,66005
DA:23,330047
DA:24,264042
DA:26,66005
DA:30,5501
DA:32,5501
DA:33,27505
DA:34,22004
DA:36,5501
DA:40,0
DA:41,0
DA:44,0
DA:45,0
DA:47,0
DA:48,0
DA:49,0
DA:50,0
DA:52,0
DA:56,49502
DA:59,49532
DA:60,30
DA:62,49502
DA:64,0
DA:65,0
DA:67,0
DA:68,0
DA:69,0
DA:71,0
DA:74,0
DA:75,0
DA:77,0
DA:78,0
DA:79,0
DA:80,0
DA:82,0
DA:86,500
DA:87,500
DA:88,500
DA:90,0
DA:95,5501
DA:96,5501
DA:97,5501
DA:99,0
LF:52
LH:28
end_of_record
